#
# There is insufficient memory for the Java Runtime Environment to continue.
# Native memory allocation (malloc) failed to allocate 1048576 bytes for AllocateHeap
# Possible reasons:
#   The system is out of physical RAM or swap space
#   The process is running with CompressedOops enabled, and the Java Heap may be blocking the growth of the native heap
# Possible solutions:
#   Reduce memory load on the system
#   Increase physical memory or swap space
#   Check if swap backing store is full
#   Decrease Java heap size (-Xmx/-Xms)
#   Decrease number of Java threads
#   Decrease Java thread stack sizes (-Xss)
#   Set larger code cache with -XX:ReservedCodeCacheSize=
#   JVM is running with Zero Based Compressed Oops mode in which the Java heap is
#     placed in the first 32GB address space. The Java Heap base address is the
#     maximum limit for the native heap growth. Please use -XX:HeapBaseMinAddress
#     to set the Java Heap base and to place the Java Heap above 32GB virtual address.
# This output file may be truncated or incomplete.
#
#  Out of Memory Error (memory/allocation.inline.hpp:61), pid=2496, tid=0x00000000000020fc
#
# JRE version:  (8.0_251-b08) (build )
# Java VM: Java HotSpot(TM) 64-Bit Server VM (25.251-b08 mixed mode windows-amd64 compressed oops)
# Failed to write core dump. Minidumps are not enabled by default on client versions of Windows
#

---------------  T H R E A D  ---------------

Current thread (0x0000000002d6e800):  JavaThread "Unknown thread" [_thread_in_vm, id=8444, stack(0x0000000002b80000,0x0000000002c80000)]

Stack: [0x0000000002b80000,0x0000000002c80000]
[error occurred during error reporting (printing stack bounds), id 0xc0000005]

Native frames: (J=compiled Java code, j=interpreted, Vv=VM code, C=native code)


---------------  P R O C E S S  ---------------

Java Threads: ( => current thread )

Other Threads:

=>0x0000000002d6e800 (exited) JavaThread "Unknown thread" [_thread_in_vm, id=8444, stack(0x0000000002b80000,0x0000000002c80000)]

VM state:not at safepoint (normal execution)

VM Mutex/Monitor currently owned by a thread: None

heap address: 0x00000006c2600000, size: 4058 MB, Compressed Oops mode: Zero based, Oop shift amount: 3
Narrow klass base: 0x0000000000000000, Narrow klass shift: 3
Compressed class space size: 1073741824 Address: 0x00000007c0000000

Heap:
 PSYoungGen      total 75776K, used 1300K [0x000000076b780000, 0x0000000770c00000, 0x00000007c0000000)
  eden space 65024K, 2% used [0x000000076b780000,0x000000076b8c51f8,0x000000076f700000)
  from space 10752K, 0% used [0x0000000770180000,0x0000000770180000,0x0000000770c00000)
  to   space 10752K, 0% used [0x000000076f700000,0x000000076f700000,0x0000000770180000)
 ParOldGen       total 173568K, used 0K [0x00000006c2600000, 0x00000006ccf80000, 0x000000076b780000)
  object space 173568K, 0% used [0x00000006c2600000,0x00000006c2600000,0x00000006ccf80000)
 Metaspace       used 752K, capacity 4480K, committed 4480K, reserved 1056768K
  class space    used 76K, capacity 384K, committed 384K, reserved 1048576K

Card table byte_map: [0x0000000012230000,0x0000000012a20000] byte_map_base: 0x000000000ec1d000

Marking Bits: (ParMarkBitMap*) 0x00000000732caf90
 Begin Bits: [0x0000000013970000, 0x00000000178d8000)
 End Bits:   [0x00000000178d8000, 0x000000001b840000)

Polling page: 0x0000000000d10000

CodeCache: size=245760Kb used=328Kb max_used=328Kb free=245431Kb
 bounds [0x0000000002e70000, 0x00000000030e0000, 0x0000000011e70000]
 total_blobs=58 nmethods=0 adapters=38
 compilation: enabled

Compilation events (0 events):
No events

GC Heap History (0 events):
No events

Deoptimization events (0 events):
No events

Classes redefined (0 events):
No events

Internal exceptions (0 events):
No events

Events (10 events):
Event: 0.056 loading class java/lang/Short
Event: 0.056 loading class java/lang/Short done
Event: 0.056 loading class java/lang/Integer
Event: 0.057 loading class java/lang/Integer done
Event: 0.057 loading class java/lang/Long
Event: 0.057 loading class java/lang/Long done
Event: 0.057 loading class java/lang/NullPointerException
Event: 0.057 loading class java/lang/NullPointerException done
Event: 0.057 loading class java/lang/ArithmeticException
Event: 0.057 loading class java/lang/ArithmeticException done


Dynamic libraries:
0x00007ff668260000 - 0x00007ff668297000 	C:\Program Files\Java\jre1.8.0_251\bin\javaw.exe
0x00007ff949fa0000 - 0x00007ff94a18d000 	C:\Windows\SYSTEM32\ntdll.dll
0x00007ff944270000 - 0x00007ff944283000 	C:\Program Files\AVG\Antivirus\aswhook.dll
0x00007ff9477e0000 - 0x00007ff947893000 	C:\Windows\System32\KERNEL32.DLL
0x00007ff946f20000 - 0x00007ff9471b5000 	C:\Windows\System32\KERNELBASE.dll
0x00007ff947c80000 - 0x00007ff947d23000 	C:\Windows\System32\ADVAPI32.dll
0x00007ff948970000 - 0x00007ff948a0e000 	C:\Windows\System32\msvcrt.dll
0x00007ff947f50000 - 0x00007ff947fee000 	C:\Windows\System32\sechost.dll
0x00007ff947ff0000 - 0x00007ff948112000 	C:\Windows\System32\RPCRT4.dll
0x00007ff948120000 - 0x00007ff9482b7000 	C:\Windows\System32\USER32.dll
0x00007ff946af0000 - 0x00007ff946b10000 	C:\Windows\System32\win32u.dll
0x00007ff947bd0000 - 0x00007ff947bf9000 	C:\Windows\System32\GDI32.dll
0x00007ff946bc0000 - 0x00007ff946d5a000 	C:\Windows\System32\gdi32full.dll
0x00007ff946e60000 - 0x00007ff946f00000 	C:\Windows\System32\msvcp_win.dll
0x00007ff9469f0000 - 0x00007ff946aea000 	C:\Windows\System32\ucrtbase.dll
0x00007ff934c80000 - 0x00007ff934ef9000 	C:\Windows\WinSxS\amd64_microsoft.windows.common-controls_6595b64144ccf1df_6.0.17763.1282_none_de75b6f253473c0f\COMCTL32.dll
0x00007ff9478a0000 - 0x00007ff947bcc000 	C:\Windows\System32\combase.dll
0x00007ff946d90000 - 0x00007ff946e0e000 	C:\Windows\System32\bcryptPrimitives.dll
0x00007ff947e90000 - 0x00007ff947ebe000 	C:\Windows\System32\IMM32.DLL
0x00000000728e0000 - 0x00000000729b2000 	C:\Program Files\Java\jre1.8.0_251\bin\msvcr100.dll
0x0000000072aa0000 - 0x000000007334b000 	C:\Program Files\Java\jre1.8.0_251\bin\server\jvm.dll
0x00007ff9471c0000 - 0x00007ff9471c8000 	C:\Windows\System32\PSAPI.DLL
0x00007ff93b650000 - 0x00007ff93b659000 	C:\Windows\SYSTEM32\WSOCK32.dll
0x00007ff948850000 - 0x00007ff9488bd000 	C:\Windows\System32\WS2_32.dll
0x00007ff944320000 - 0x00007ff944344000 	C:\Windows\SYSTEM32\WINMM.dll
0x00007ff941140000 - 0x00007ff94114a000 	C:\Windows\SYSTEM32\VERSION.dll
0x00007ff944160000 - 0x00007ff94418d000 	C:\Windows\SYSTEM32\WINMMBASE.dll
0x00007ff946e10000 - 0x00007ff946e5a000 	C:\Windows\System32\cfgmgr32.dll
0x00007ff935260000 - 0x00007ff93526f000 	C:\Program Files\Java\jre1.8.0_251\bin\verify.dll
0x00007ff9336a0000 - 0x00007ff9336c9000 	C:\Program Files\Java\jre1.8.0_251\bin\java.dll
0x00007ff932260000 - 0x00007ff932276000 	C:\Program Files\Java\jre1.8.0_251\bin\zip.dll

VM Arguments:
jvm_args: -Dfile.encoding=UTF-8 
java_command: com.koreait.second.RandomArray
java_class_path (initial): C:\JavaSpring\workspace\ReviewStudy\bin
Launcher Type: SUN_STANDARD

Environment Variables:
JAVA_HOME=C:\Program Files\Java\jdk1.8.0_251
CLASSPATH=C:\Program Files\Java\jdk1.8.0_251\lib
PATH=C:/Program Files/Java/jre1.8.0_251/bin/server;C:/Program Files/Java/jre1.8.0_251/bin;C:/Program Files/Java/jre1.8.0_251/lib/amd64;C:\app\Administrator\product\11.2.0\dbhome_2\bin;C:\Program Files (x86)\Common Files\Oracle\Java\javapath;C:\app\Administrator\product\11.2.0\dbhome_1\bin;C:\Windows\system32;C:\Windows;C:\Windows\System32\Wbem;C:\Windows\System32\WindowsPowerShell\v1.0\;C:\Windows\System32\OpenSSH\;C:\Program Files\dotnet\;C:\Program Files\ScmmrxClient\Shield\;C:\Program Files (x86)\Brackets\command;C:\Program Files\Git\cmd;C:\Program Files\Java\jdk1.8.0_251\bin;C:\Users\Administrator\AppData\Local\Programs\Python\Python37-32\Scripts\;C:\Users\Administrator\AppData\Local\Programs\Python\Python37-32\;C:\Program Files\MySQL\MySQL Shell 8.0\bin\;C:\Users\Administrator\AppData\Local\Programs\Microsoft VS Code\bin;C:\JavaSpring\eclipse;
USERNAME=Administrator
OS=Windows_NT
PROCESSOR_IDENTIFIER=Intel64 Family 6 Model 158 Stepping 10, GenuineIntel



---------------  S Y S T E M  ---------------

OS: Windows 10.0 , 64 bit Build 17763 (10.0.17763.1158)

CPU:total 12 (initial active 12) (6 cores per cpu, 2 threads per core) family 6 model 158 stepping 10, cmov, cx8, fxsr, mmx, sse, sse2, sse3, ssse3, sse4.1, sse4.2, popcnt, avx, avx2, aes, clmul, erms, rtm, 3dnowpref, lzcnt, ht, tsc, tscinvbit, bmi1, bmi2, adx

Memory: 4k page, physical 16618496k(9258524k free), swap 16618496k(5132k free)

vm_info: Java HotSpot(TM) 64-Bit Server VM (25.251-b08) for windows-amd64 JRE (1.8.0_251-b08), built on Mar 12 2020 06:31:49 by "" with MS VC++ 10.0 (VS2010)

time: Thu Jul 02 11:33:24 2020
timezone: 대한민국 표준시
elapsed time: 0 seconds (0d 0h 0m 0s)

